<?xml version="1.0" encoding="UTF-8"?>
<robot generator="Robot 4.1.2 (Python 3.7.5 on win32)" generated="20211207 15:38:09.576" rpa="false" schemaversion="2">
<suite id="s1" name="Robot Interactive Console" source="c:\Users\m.elkham\.vscode\extensions\robocorp.robotframework-lsp-0.32.0\src\robotframework_ls\vendored\robotframework_interactive\robot_interactive_console.robot">
<test id="s1-t1" name="Default Task/Test">
<kw name="Interpreter Main Loop" library="MainLoop">
<kw name="Open the robot order website">
<msg timestamp="20211207 15:38:10.647" level="FAIL">No keyword with name 'Open the robot order website' found.</msg>
<status status="FAIL" starttime="20211207 15:38:10.646" endtime="20211207 15:38:10.647"/>
</kw>
<kw name="Close the annoying modal">
<status status="NOT RUN" starttime="20211207 15:38:10.649" endtime="20211207 15:38:10.649"/>
</kw>
<kw name="Fill the form">
<arg>1</arg>
<arg>2</arg>
<arg>3</arg>
<arg>Adresse 123</arg>
<status status="NOT RUN" starttime="20211207 15:38:10.651" endtime="20211207 15:38:10.651"/>
</kw>
<status status="PASS" starttime="20211207 15:38:09.624" endtime="20211207 15:38:25.831"/>
</kw>
<status status="PASS" starttime="20211207 15:38:09.623" endtime="20211207 15:38:25.831"/>
</test>
<status status="PASS" starttime="20211207 15:38:09.579" endtime="20211207 15:38:25.832"/>
</suite>
<statistics>
<total>
<stat pass="1" fail="0" skip="0">All Tests</stat>
</total>
<tag>
</tag>
<suite>
<stat pass="1" fail="0" skip="0" id="s1" name="Robot Interactive Console">Robot Interactive Console</stat>
</suite>
</statistics>
<errors>
</errors>
</robot>
